timestamp,schema_name,table_name,oracle_rows,oracle_cols,postgres_rows,postgres_cols,status,details
2025-07-05 18:42:42,GST_REGISTRATION,gst_api_ret_3B_dt,3059,1,3059,1,SUCCESS,Row & column counts match.
2025-07-05 18:42:46,GST_REGISTRATION,gst_api_ret_3B_count,2972,4,2972,4,SUCCESS,Row & column counts match.
2025-07-05 18:51:06,GST_REGISTRATION,GST_API_RET_3B_DETAILS,66701,5,66701,5,SUCCESS,Row & column counts match.
2025-07-05 19:37:47,GST_REGISTRATION,gst_api_ret_3B_sup_details,-1,-1,-1,-1,FAILED,Error during table replication process.
2025-07-05 19:50:10,GST_REGISTRATION,gst_api_ret_3B_inward_sup_isup,9538438,7,9538438,7,SUCCESS,Row & column counts match.
2025-07-05 20:47:58,GST_REGISTRATION,gst_api_ret_3B_itc_elg_inelg,56436080,9,56436080,9,SUCCESS,Row & column counts match.
2025-07-05 21:08:21,GST_REGISTRATION,gst_api_ret_3B_sup_details,-1,-1,-1,-1,FAILED,Error during table replication process.
2025-07-05 21:08:41,GST_REGISTRATION,gst_api_ret_3B_qn,-1,-1,-1,-1,FAILED,Error during table replication process.
2025-07-05 21:09:10,GST_REGISTRATION,gst_api_ret_3B_tx_pmt_py,-1,-1,-1,-1,FAILED,Error during table replication process.
2025-07-05 21:09:21,GST_REGISTRATION,gst_api_ret_3B_tx_pmt_pdcash,-1,-1,-1,-1,FAILED,Error during table replication process.
2025-07-05 21:09:33,GST_REGISTRATION,gst_api_ret_3B_tx_pmt_pditc,-1,-1,-1,-1,FAILED,Error during table replication process.
2025-07-05 21:09:49,GST_REGISTRATION,gst_api_ret_3B_intr_ltfee,-1,-1,-1,-1,FAILED,Error during table replication process.
2025-07-05 21:09:52,GST_REGISTRATION,GST_API_RET_3B_SYS_INT,-1,-1,-1,-1,FAILED,Error during table replication process.
2025-07-05 21:09:54,GST_REGISTRATION,GST_API_RET_3B_INT_BREAKUP,-1,-1,-1,-1,FAILED,Error during table replication process.
2025-07-05 21:09:55,GST_REGISTRATION,GST_API_RET_3B_INT_BREAKUP_CLN,-1,-1,-1,-1,FAILED,Error during table replication process.
2025-07-05 21:09:58,GST_REGISTRATION,GST_API_RET_3B_INT_BREAKUP_RTS,-1,-1,-1,-1,FAILED,Error during table replication process.
2025-07-05 21:09:59,GST_REGISTRATION,GST_API_RET_3B_LIAB_BREAKUP,-1,-1,-1,-1,FAILED,Error during table replication process.
2025-07-05 21:10:05,GST_REGISTRATION,GST_API_RET_3B_ECO_DETAILS,-1,-1,-1,-1,FAILED,Error during table replication process.
2025-07-05 21:10:06,GST_REGISTRATION,GST_API_RET_3B_TXPMT_ADJNEGLIB,-1,-1,-1,-1,FAILED,Error during table replication process.
2025-07-05 21:10:09,GST_REGISTRATION,GST_API_RET_3B_TXPMT_NETTAXPAY,-1,-1,-1,-1,FAILED,Error during table replication process.
2025-07-05 21:10:10,GST_REGISTRATION,GST_API_RET_3B_TXPMT_PDNLS,-1,-1,-1,-1,FAILED,Error during table replication process.
2025-07-05 21:10:11,GST_REGISTRATION,GST_API_RET_3B_R1_LTFEE,0,7,0,7,SUCCESS,Row & column counts match.
2025-07-05 21:10:23,GST_REGISTRATION,gst_api_ret_3B_main,-1,-1,-1,-1,FAILED,Error during table replication process.
2025-07-05 21:33:21,GST_REGISTRATION,gst_api_ret_3B_sup_details,-1,-1,-1,-1,FAILED,Error during table replication process.
2025-07-05 21:49:35,GST_REGISTRATION,gst_api_ret_3B_dt,3059,1,3059,1,SUCCESS,Row & column counts match.
2025-07-05 21:49:40,GST_REGISTRATION,gst_api_ret_3B_count,2972,4,2972,4,SUCCESS,Row & column counts match.
2025-07-05 23:16:39,GST_REGISTRATION,gst_api_ret_3B_sup_details,33786210,29,33786210,29,SUCCESS,Row & column counts match.
2025-07-06 00:01:09,GST_REGISTRATION,gst_api_ret_3B_qn,44836294,11,44836294,11,SUCCESS,Row & column counts match.
2025-07-06 02:14:46,GST_REGISTRATION,gst_api_ret_3B_tx_pmt_py,69801127,19,69801127,19,SUCCESS,Row & column counts match.
2025-07-06 02:50:29,GST_REGISTRATION,gst_api_ret_3B_tx_pmt_pdcash,19867782,18,19867782,18,SUCCESS,Row & column counts match.
2025-07-06 03:36:01,GST_REGISTRATION,gst_api_ret_3B_tx_pmt_pditc,24432669,14,24432669,14,SUCCESS,Row & column counts match.
2025-07-06 04:16:57,GST_REGISTRATION,gst_api_ret_3B_intr_ltfee,33356917,12,33356917,12,SUCCESS,Row & column counts match.
2025-07-06 04:19:15,GST_REGISTRATION,GST_API_RET_3B_SYS_INT,2308621,8,2308621,8,SUCCESS,Row & column counts match.
2025-07-06 04:23:12,GST_REGISTRATION,GST_API_RET_3B_INT_BREAKUP,2312670,14,2312670,14,SUCCESS,Row & column counts match.
2025-07-06 04:23:46,GST_REGISTRATION,GST_API_RET_3B_INT_BREAKUP_CLN,39351,10,39351,10,SUCCESS,Row & column counts match.
2025-07-06 04:28:28,GST_REGISTRATION,GST_API_RET_3B_INT_BREAKUP_RTS,2293175,13,2293175,13,SUCCESS,Row & column counts match.
2025-07-06 04:28:47,GST_REGISTRATION,GST_API_RET_3B_LIAB_BREAKUP,66199,9,66199,9,SUCCESS,Row & column counts match.
2025-07-06 04:38:42,GST_REGISTRATION,GST_API_RET_3B_ECO_DETAILS,7207489,14,7207489,14,SUCCESS,Row & column counts match.
2025-07-06 04:38:51,GST_REGISTRATION,GST_API_RET_3B_TXPMT_ADJNEGLIB,8229,19,8229,19,SUCCESS,Row & column counts match.
2025-07-06 04:47:01,GST_REGISTRATION,GST_API_RET_3B_TXPMT_NETTAXPAY,3320534,19,3320534,19,SUCCESS,Row & column counts match.
2025-07-06 04:47:10,GST_REGISTRATION,GST_API_RET_3B_TXPMT_PDNLS,8229,11,8229,11,SUCCESS,Row & column counts match.
2025-07-06 04:47:11,GST_REGISTRATION,GST_API_RET_3B_R1_LTFEE,0,7,0,7,SUCCESS,Row & column counts match.
2025-07-06 09:20:51,GST_REGISTRATION,gst_api_ret_3B_main,46890788,4,46890788,4,SUCCESS,Row & column counts match.
2025-07-06 10:49:26,GST_REGISTRATION,GST_RET_R1_CNT,6492,3,6492,3,SUCCESS,Row & column counts match.
2025-07-06 10:50:16,GST_REGISTRATION,GST_RET_R1_CNT_DTLS,95554,5,95554,5,SUCCESS,Row & column counts match.
2025-07-06 10:50:19,GST_REGISTRATION,GST_RET_R1_CNT_DTLS_MISS,24,5,24,5,SUCCESS,Row & column counts match.
2025-07-06 11:05:45,GST_REGISTRATION,GST_RET_R1_ATA_INV,5311,9,5311,9,SUCCESS,Row & column counts match.
2025-07-06 11:05:47,GST_REGISTRATION,GST_RET_R1_ATA_INV_ITEM_DTLS,6466,11,6466,11,SUCCESS,Row & column counts match.
2025-07-06 11:05:50,GST_REGISTRATION,GST_RET_R1_AT_INV_ITEM_DTLS,250969,10,250969,10,SUCCESS,Row & column counts match.
2025-07-06 11:07:46,GST_REGISTRATION,GST_RET_R1_AT_INV,220461,8,220461,8,SUCCESS,Row & column counts match.
2025-07-06 11:17:11,GST_REGISTRATION,GST_RET_R1_B2BA,988854,5,988854,5,SUCCESS,Row & column counts match.
2025-07-06 11:23:13,GST_REGISTRATION,GST_RET_R1_B2CL_INV,386755,12,386755,12,SUCCESS,Row & column counts match.
2025-07-06 11:23:34,GST_REGISTRATION,GST_RET_R1_B2CLA_INV,1858,14,1858,14,SUCCESS,Row & column counts match.
2025-07-06 11:23:51,GST_REGISTRATION,GST_RET_R1_B2CLA_INV_ITEM_DTLS,1993,9,1993,9,SUCCESS,Row & column counts match.
2025-07-06 11:24:26,GST_REGISTRATION,GST_RET_R1_B2CL_INV_ITEM_DTLS,421605,9,421605,9,SUCCESS,Row & column counts match.
2025-07-06 11:33:21,GST_REGISTRATION,GST_RET_R1_B2CSA_DTLS,313840,12,313840,12,SUCCESS,Row & column counts match.
2025-07-06 11:44:06,GST_REGISTRATION,GST_RET_R1_B2CSA_ITEM_DTLS,526190,9,526190,9,SUCCESS,Row & column counts match.
2025-07-06 12:10:13,GST_REGISTRATION,GST_RETURN_R1,43965952,8,43965952,8,SUCCESS,Row & column counts match.
2025-07-06 12:28:50,GST_REGISTRATION,GST_RET_R1_B2BA_INV_ITEM_DTLS,5089981,11,5089981,11,SUCCESS,Row & column counts match.
2025-07-06 12:57:41,GST_REGISTRATION,GST_RET_R1_B2CLA_INV_ITEM_DTLS,1993,9,1993,9,SUCCESS,Row & column counts match.
2025-07-06 13:13:39,GST_REGISTRATION,GST_RET_R1_B2CLA_INV_ITEM_DTLS,1993,9,1993,9,SUCCESS,Row & column counts match.
2025-07-06 13:22:47,GST_REGISTRATION,GST_RET_R1_B2CLA_INV_ITEM_DTLS,1993,9,1993,9,SUCCESS,Row & column counts match.
2025-07-06 17:22:54,GST_REGISTRATION,GST_RET_R1_B2B,323101520,5,323101520,5,SUCCESS,Row & column counts match.
2025-07-08 16:23:19,GST_REGISTRATION,GST_RET_R1_B2BA_INV,4614150,20,4614150,20,SUCCESS,Row & column counts match.
2025-07-08 17:59:48,GST_REGISTRATION,GST_RET_R1_B2CS_DTLS,42224657,16,42224657,16,SUCCESS,Row & column counts match.
2025-07-08 18:17:06,GST_REGISTRATION,GST_RET_R1_CDNR,17084207,5,17084207,5,SUCCESS,Row & column counts match.
2025-07-09 12:05:37,GST_REGISTRATION,GST_RET_R1_CDNR_NOTES,84498084,26,84498084,26,SUCCESS,Row & column counts match.
2025-07-10 17:20:07,GST_REGISTRATION,GST_RET_R1_CDNR_NT_ITEM_DTLS,89274179,14,89274179,14,SUCCESS,Row & column counts match.
2025-07-10 17:21:04,GST_REGISTRATION,GST_RET_R1_CDNRA,57662,5,57662,5,SUCCESS,Row & column counts match.
2025-07-10 17:23:11,GST_REGISTRATION,GST_RET_R1_CDNRA_NOTES,266805,25,266805,25,SUCCESS,Row & column counts match.
2025-07-10 17:25:17,GST_REGISTRATION,GST_RET_R1_CDNRA_NT_ITEM_DTLS,277984,16,277984,16,SUCCESS,Row & column counts match.
2025-07-10 17:28:34,GST_REGISTRATION,GST_RET_R1_CDNUR,619432,20,619432,20,SUCCESS,Row & column counts match.
2025-07-10 17:30:56,GST_REGISTRATION,GST_RET_R1_CDNUR_ITEM_DTLS,633214,12,633214,12,SUCCESS,Row & column counts match.
2025-07-10 17:31:01,GST_REGISTRATION,GST_RET_R1_CDNURA,1695,19,1695,19,SUCCESS,Row & column counts match.
2025-07-10 17:31:06,GST_REGISTRATION,GST_RET_R1_CDNURA_ITEM_DTLS,1706,14,1706,14,SUCCESS,Row & column counts match.
2025-07-10 18:12:51,GST_REGISTRATION,GST_RET_R1_DOC,38044417,5,38044417,5,SUCCESS,Row & column counts match.
2025-07-10 19:17:22,GST_REGISTRATION,GST_RET_R1_DOC_INV_DTLS,50650696,10,50650696,10,SUCCESS,Row & column counts match.
2025-07-10 19:19:11,GST_REGISTRATION,GST_RET_R1_EXP,695123,4,695123,4,SUCCESS,Row & column counts match.
2025-07-10 19:43:53,GST_REGISTRATION,GST_RET_R1_EXP_INV_DTLS,9537128,16,9537128,16,SUCCESS,Row & column counts match.
2025-07-10 19:56:01,GST_REGISTRATION,GST_RET_R1_EXP_INV_ITEM_DTLS,9684377,8,9684377,8,SUCCESS,Row & column counts match.
2025-07-10 19:56:32,GST_REGISTRATION,GST_RET_R1_EXPA,31865,4,31865,4,SUCCESS,Row & column counts match.
2025-07-10 19:58:49,GST_REGISTRATION,GST_RET_R1_EXPA_INV_DTLS,382926,16,382926,16,SUCCESS,Row & column counts match.
2025-07-10 20:00:38,GST_REGISTRATION,GST_RET_R1_EXPA_INV_ITEM_DTLS,394041,8,394041,8,SUCCESS,Row & column counts match.
2025-07-10 20:32:41,GST_REGISTRATION,GST_RET_R1_HSN,38023670,5,38023670,5,SUCCESS,Row & column counts match.
2025-07-10 20:33:22,GST_REGISTRATION,GST_RET_R1_HSN_SUMMARY_DET,-1,-1,-1,-1,FAILED,Error during table replication process.
2025-07-10 20:59:55,GST_REGISTRATION,GST_RET_R1_NIL,33899997,5,33899997,5,SUCCESS,Row & column counts match.
2025-07-11 11:03:01,GST_REGISTRATION,GST_RET_R1_NIL_DATA,16327558,7,16327558,7,SUCCESS,Row & column counts match.
2025-07-11 11:03:47,GST_REGISTRATION,GST_RET_R1_TXP,133217,8,133217,8,SUCCESS,Row & column counts match.
2025-07-11 11:04:50,GST_REGISTRATION,GST_RET_R1_TXP_ITEM_DTLS,152713,12,152713,12,SUCCESS,Row & column counts match.
2025-07-11 11:04:55,GST_REGISTRATION,GST_RET_R1_TXPA,2535,9,2535,9,SUCCESS,Row & column counts match.
2025-07-11 11:05:00,GST_REGISTRATION,GST_RET_R1_TXPA_ITEM_DTLS,2906,13,2906,13,SUCCESS,Row & column counts match.
2025-07-11 11:08:20,GST_REGISTRATION,GST_RET_R1_HSN_SUMMARY_DET,-1,-1,-1,-1,FAILED,Error during table replication process.
2025-07-11 12:01:31,GST_REGISTRATION,GST_RET_R1_HSN_SUMMARY_DET,-1,-1,-1,-1,FAILED,Error during table replication process.
2025-07-14 11:19:00,GST_REGISTRATION,GST_RET_R1_HSN_SUMMARY_DET,-1,-1,-1,-1,FAILED,Error during table replication process.
2025-07-14 11:31:14,GST_REGISTRATION,GST_RET_R1_HSN_SUMMARY_DET,-1,-1,-1,-1,FAILED,Error during table replication process.
